<?xml version="1.0" encoding="UTF-8"?>
<testsuite xmlns:xsi="http://www.w3.org/2001/XMLSchema-instance" xsi:noNamespaceSchemaLocation="https://maven.apache.org/surefire/maven-surefire-plugin/xsd/surefire-test-report.xsd" version="3.0.2" name="com.ubisam.example1.Example1ApplicationTests" time="6.699" tests="1" errors="0" skipped="0" failures="0">
  <properties>
[...]
</properties>
  <testcase name="contextLoads" classname="com.ubisam.example1.Example1ApplicationTests" time="0.994">
    <system-out><![CDATA[16:31:29.215 [main] INFO org.springframework.test.context.support.AnnotationConfigContextLoaderUtils -- Could not detect default configuration classes for test class [com.ubisam.example1.Example1ApplicationTests]: Example1ApplicationTests does not declare any static, non-private, non-final, nested classes annotated with @Configuration.
16:31:29.360 [main] INFO org.springframework.boot.test.context.SpringBootTestContextBootstrapper -- Found @SpringBootConfiguration com.ubisam.example1.Example1Application for test class com.ubisam.example1.Example1ApplicationTests

  .   ____          _            __ _ _
 /\\ / ___'_ __ _ _(_)_ __  __ _ \ \ \ \
( ( )\___ | '_ | '_| | '_ \/ _` | \ \ \ \
 \\/  ___)| |_)| | | | | || (_| |  ) ) ) )
  '  |____| .__|_| |_|_| |_\__, | / / / /
 =========|_|==============|___/=/_/_/_/

 :: Spring Boot ::               (v3.5.10)

2026-02-24T16:31:29.890+09:00  INFO 7636 --- [example1] [           main] c.u.example1.Example1ApplicationTests    : Starting Example1ApplicationTests using Java 17.0.17 with PID 7636 (started by Ihe box in C:\Users\Ihe box\Desktop\Work\asdf\example1)
2026-02-24T16:31:29.895+09:00  INFO 7636 --- [example1] [           main] c.u.example1.Example1ApplicationTests    : No active profile set, falling back to 1 default profile: "default"
2026-02-24T16:31:30.648+09:00  INFO 7636 --- [example1] [           main] .s.d.r.c.RepositoryConfigurationDelegate : Bootstrapping Spring Data JPA repositories in DEFAULT mode.
2026-02-24T16:31:30.742+09:00  INFO 7636 --- [example1] [           main] .s.d.r.c.RepositoryConfigurationDelegate : Finished Spring Data repository scanning in 79 ms. Found 2 JPA repository interfaces.
2026-02-24T16:31:31.279+09:00  INFO 7636 --- [example1] [           main] o.hibernate.jpa.internal.util.LogHelper  : HHH000204: Processing PersistenceUnitInfo [name: default]
2026-02-24T16:31:31.370+09:00  INFO 7636 --- [example1] [           main] org.hibernate.Version                    : HHH000412: Hibernate ORM core version 6.6.41.Final
2026-02-24T16:31:31.422+09:00  INFO 7636 --- [example1] [           main] o.h.c.internal.RegionFactoryInitiator    : HHH000026: Second-level cache disabled
2026-02-24T16:31:31.953+09:00  INFO 7636 --- [example1] [           main] o.s.o.j.p.SpringPersistenceUnitInfo      : No LoadTimeWeaver setup: ignoring JPA class transformer
2026-02-24T16:31:31.985+09:00  INFO 7636 --- [example1] [           main] com.zaxxer.hikari.HikariDataSource       : HikariPool-1 - Starting...
2026-02-24T16:31:32.242+09:00  INFO 7636 --- [example1] [           main] com.zaxxer.hikari.pool.HikariPool        : HikariPool-1 - Added connection org.postgresql.jdbc.PgConnection@2036f83
2026-02-24T16:31:32.244+09:00  INFO 7636 --- [example1] [           main] com.zaxxer.hikari.HikariDataSource       : HikariPool-1 - Start completed.
2026-02-24T16:31:32.281+09:00  WARN 7636 --- [example1] [           main] org.hibernate.orm.deprecation            : HHH90000025: PostgreSQLDialect does not need to be specified explicitly using 'hibernate.dialect' (remove the property setting and it will be selected by default)
2026-02-24T16:31:32.316+09:00  INFO 7636 --- [example1] [           main] org.hibernate.orm.connections.pooling    : HHH10001005: Database info:
	Database JDBC URL [Connecting through datasource 'HikariDataSource (HikariPool-1)']
	Database driver: undefined/unknown
	Database version: 18.2
	Autocommit mode: undefined/unknown
	Isolation level: undefined/unknown
	Minimum pool size: undefined/unknown
	Maximum pool size: undefined/unknown
2026-02-24T16:31:33.222+09:00  INFO 7636 --- [example1] [           main] o.h.e.t.j.p.i.JtaPlatformInitiator       : HHH000489: No JTA platform available (set 'hibernate.transaction.jta.platform' to enable JTA platform integration)
2026-02-24T16:31:33.272+09:00  INFO 7636 --- [example1] [           main] j.LocalContainerEntityManagerFactoryBean : Initialized JPA EntityManagerFactory for persistence unit 'default'
2026-02-24T16:31:33.446+09:00  WARN 7636 --- [example1] [           main] JpaBaseConfiguration$JpaWebConfiguration : spring.jpa.open-in-view is enabled by default. Therefore, database queries may be performed during view rendering. Explicitly configure spring.jpa.open-in-view to disable this warning
2026-02-24T16:31:34.684+09:00  INFO 7636 --- [example1] [           main] o.s.b.t.m.w.SpringBootMockServletContext : Initializing Spring TestDispatcherServlet ''
2026-02-24T16:31:34.684+09:00  INFO 7636 --- [example1] [           main] o.s.t.web.servlet.TestDispatcherServlet  : Initializing Servlet ''
2026-02-24T16:31:34.689+09:00  INFO 7636 --- [example1] [           main] o.s.t.web.servlet.TestDispatcherServlet  : Completed initialization in 0 ms
2026-02-24T16:31:34.724+09:00  INFO 7636 --- [example1] [           main] c.u.example1.Example1ApplicationTests    : Started Example1ApplicationTests in 5.204 seconds (process running for 6.249)
Hibernate: 
    select
        nextval('example_hello_seq')
Hibernate: 
    insert 
    into
        example_hello
        (email, name, id) 
    values
        (?, ?, ?)
2026-02-24T16:31:35.279+09:00 TRACE 7636 --- [example1] [           main] org.hibernate.orm.jdbc.bind              : binding parameter (1:VARCHAR) <- [a@mail.com]
2026-02-24T16:31:35.279+09:00 TRACE 7636 --- [example1] [           main] org.hibernate.orm.jdbc.bind              : binding parameter (2:VARCHAR) <- [name1]
2026-02-24T16:31:35.279+09:00 TRACE 7636 --- [example1] [           main] org.hibernate.orm.jdbc.bind              : binding parameter (3:BIGINT) <- [2]
Hibernate: 
    select
        h1_0.id,
        h1_0.email,
        h1_0.name 
    from
        example_hello h1_0 
    offset
        ? rows 
    fetch
        first ? rows only
2026-02-24T16:31:35.478+09:00 TRACE 7636 --- [example1] [           main] org.hibernate.orm.jdbc.bind              : binding parameter (1:INTEGER) <- [0]
2026-02-24T16:31:35.478+09:00 TRACE 7636 --- [example1] [           main] org.hibernate.orm.jdbc.bind              : binding parameter (2:INTEGER) <- [20]
]]></system-out>
    <system-err><![CDATA[
http://localhost/helloes
--------------------------------------------

MockHttpServletRequest:
      HTTP Method = GET
      Request URI = /helloes
       Parameters = {}
          Headers = []
             Body = null
    Session Attrs = {}

Handler:
             Type = org.springframework.data.rest.webmvc.RepositoryEntityController
           Method = org.springframework.data.rest.webmvc.RepositoryEntityController#getCollectionResource(RootResourceInformation, DefaultedPageable, Sort, RepresentationModelAssemblers)

Async:
    Async started = false
     Async result = null

Resolved Exception:
             Type = null

ModelAndView:
        View name = null
             View = null
            Model = null

FlashMap:
       Attributes = null

MockHttpServletResponse:
           Status = 200
    Error message = null
          Headers = [Vary:"Origin", "Access-Control-Request-Method", "Access-Control-Request-Headers", Content-Type:"application/hal+json"]
     Content type = application/hal+json
             Body = {
  "_embedded" : {
    "helloes" : [ {
      "name" : "name1",
      "email" : "a@mail.com",
      "_links" : {
        "self" : {
          "href" : "http://localhost/helloes/1"
        },
        "hello" : {
          "href" : "http://localhost/helloes/1"
        }
      }
    }, {
      "name" : "name1",
      "email" : "a@mail.com",
      "_links" : {
        "self" : {
          "href" : "http://localhost/helloes/2"
        },
        "hello" : {
          "href" : "http://localhost/helloes/2"
        }
      }
    } ]
  },
  "_links" : {
    "self" : {
      "href" : "http://localhost/helloes?page=0&size=20"
    },
    "profile" : {
      "href" : "http://localhost/profile/helloes"
    },
    "search" : {
      "href" : "http://localhost/helloes/search"
    }
  },
  "page" : {
    "size" : 20,
    "totalElements" : 2,
    "totalPages" : 1,
    "number" : 0
  }
}
    Forwarded URL = null
   Redirected URL = null
          Cookies = []
--------------------------------------------

]]></system-err>
  </testcase>
</testsuite>